2021-12-03 20:30:57 - INFO - "GET / HTTP/1.1" 200 1219
2021-12-03 20:30:57 - INFO - "GET /static/style.css HTTP/1.1" 200 648
2021-12-03 20:30:57 - WARNING - "GET /blog HTTP/1.1" 404 1536
2021-12-03 20:30:57 - WARNING - "GET /blog HTTP/1.1" 404 1536
2021-12-03 20:46:15 - WARNING - "GET /blog HTTP/1.1" 404 1536
2021-12-03 21:03:16 - ERROR - SyntaxError in 0 on line 0
2021-12-03 21:03:16 - ERROR - "GET /blog HTTP/1.1" 500 1037600
2021-12-03 22:01:23 - ERROR - SyntaxError in 0 on line 0
2021-12-03 22:01:23 - ERROR - "GET /blog HTTP/1.1" 500 1037600
2021-12-03 22:03:30 - ERROR - SyntaxError in 0 on line 0
2021-12-03 22:03:30 - ERROR - "GET /blog HTTP/1.1" 500 1037730
2021-12-03 22:03:51 - ERROR - SyntaxError in 0 on line 0
2021-12-03 22:03:51 - ERROR - "GET /blog HTTP/1.1" 500 1037730
2021-12-03 22:07:09 - ERROR - ContainerError in 0 on line 0
2021-12-03 22:07:09 - ERROR - "POST /blog HTTP/1.1" 500 953983
2021-12-03 22:07:28 - ERROR - SyntaxError in 0 on line 0
2021-12-03 22:07:28 - ERROR - "GET /blog HTTP/1.1" 500 1037730
2021-12-03 22:09:51 - INFO - "GET /blog HTTP/1.1" 200 465
2021-12-03 22:09:51 - INFO - "GET /blog/1 HTTP/1.1" 200 153
2021-12-03 22:09:51 - INFO - "GET /blog/2 HTTP/1.1" 200 156
2021-12-03 22:09:51 - INFO - "GET /blog/3 HTTP/1.1" 200 156
2021-12-03 22:09:51 - INFO - "GET /blog HTTP/1.1" 200 465
2021-12-03 22:17:28 - INFO - "POST /blog HTTP/1.1" 200 150
2021-12-03 22:17:28 - INFO - "GET /blog HTTP/1.1" 200 617
2021-12-03 22:17:28 - INFO - "PUT /blog/4 HTTP/1.1" 200 154
2021-12-03 22:17:28 - INFO - "GET /blog HTTP/1.1" 200 619
2021-12-03 22:24:17 - INFO - "DELETE /blog/4 HTTP/1.1" 200 154
2021-12-03 22:24:17 - INFO - "GET /blog HTTP/1.1" 200 465
